2023-09-05 21:28:48,485 Loaded data:
             Cx        Cy        Cz  ...     DELTA_Ryy   abs_DELTA_K       DELTA_K
0      0.024022  1.000420  0.089286  ...  2.237530e-11  4.730750e-08 -4.730750e-08
1      0.072067  1.000550  0.089286  ...  1.759670e-11  5.290250e-08 -5.290250e-08
2      0.120104  0.999906  0.089286  ...  2.590720e-11  4.857940e-08 -4.857940e-08
3      0.168065  0.997370  0.089286  ...  1.388310e-11  3.707000e-08 -3.707000e-08
4      0.215760  0.991893  0.089286  ...  3.470680e-04  6.984468e-03  6.984468e-03
...         ...       ...       ...  ...           ...           ...           ...
31995  8.797490  3.035420  0.089286  ... -9.888420e-12  1.920440e-08 -1.920440e-08
31996  8.842490  3.035420  0.089286  ... -1.008810e-11  1.892480e-08 -1.892480e-08
31997  8.887500  3.035420  0.089286  ... -9.606870e-12  1.957240e-08 -1.957240e-08
31998  8.932500  3.035420  0.089286  ... -1.074770e-11  1.858710e-08 -1.858710e-08
31999  8.977500  3.035420  0.089286  ... -8.266600e-12  2.027550e-08 -2.027550e-08

[32000 rows x 15 columns]
2023-09-05 21:28:48,516 Train/Test split data:
             Cx        Cy        Cz  abs_DELTA_U  ...  abs_DELTA_Ryy  DELTA_Ryy  abs_DELTA_K   DELTA_K
9177   8.072670  0.668163  0.089286     0.143632  ...       0.028179   0.028179     0.025475  0.025475
22763  7.369040  2.840770  0.089286     0.096718  ...       0.003036   0.003036     0.007496  0.007496
20819  0.869596  2.752390  0.089286     0.058750  ...       0.004220   0.004220     0.004752  0.004752
3109   4.956230  0.021241  0.089286     0.146673  ...       0.001813   0.001813     0.021010  0.021010
14063  2.778070  0.866640  0.089286     0.068961  ...       0.054621   0.054621     0.051250  0.051250
...         ...       ...       ...          ...  ...            ...        ...          ...       ...
16144  6.568330  1.561230  0.089286     0.056005  ...       0.026307   0.026307     0.016942  0.016942
8586   8.410110  0.902542  0.089286     0.174517  ...       0.029629   0.029629     0.029811  0.029811
4014   0.625893  0.779579  0.089286     0.059980  ...       0.002719   0.002719     0.005843  0.005843
24722  5.514910  2.928760  0.089286     0.073380  ...       0.001530   0.001530     0.011379  0.011379
21398  8.932030  2.826100  0.089286     0.067690  ...       0.002636   0.002636     0.004952  0.004952

[25600 rows x 15 columns]
2023-09-05 21:28:48,518 Nan check:
0
2023-09-05 21:28:48,518 Data Loading Finished. Elapsed time: 0:00:00.170212 ---
2023-09-05 21:28:48,518 Running Clustering:
2023-09-05 21:28:48,648 Labels: [0 1 2], size: 32000
2023-09-05 21:28:48,649 Centroids:
 [[ 0.00840584 -0.00465551  0.00420261]
 [ 0.01735234 -0.02912671  0.02813371]
 [ 0.04686606 -0.04656556  0.04358276]]
2023-09-05 21:28:48,729 Loaded backend qtagg version 5.15.7.
2023-09-05 21:28:51,644 Clustering run 1/1
2023-09-05 21:28:51,648 
Finished MiniBatchKMeans clustering run
2023-09-05 21:28:51,648 Clustering Finished. Elapsed time: 0:00:03.129863 ---
2023-09-05 21:28:51,648 
 --- TOTAL ELAPSED TIME: 0:00:03.300137 ---
2023-09-05 21:28:51,790 Loaded data:
             Cx        Cy        Cz  ...     DELTA_Ryy   abs_DELTA_K       DELTA_K
0      0.024022  1.000420  0.089286  ...  2.237530e-11  4.730750e-08 -4.730750e-08
1      0.072067  1.000550  0.089286  ...  1.759670e-11  5.290250e-08 -5.290250e-08
2      0.120104  0.999906  0.089286  ...  2.590720e-11  4.857940e-08 -4.857940e-08
3      0.168065  0.997370  0.089286  ...  1.388310e-11  3.707000e-08 -3.707000e-08
4      0.215760  0.991893  0.089286  ...  3.470680e-04  6.984468e-03  6.984468e-03
...         ...       ...       ...  ...           ...           ...           ...
31995  8.797490  3.035420  0.089286  ... -9.888420e-12  1.920440e-08 -1.920440e-08
31996  8.842490  3.035420  0.089286  ... -1.008810e-11  1.892480e-08 -1.892480e-08
31997  8.887500  3.035420  0.089286  ... -9.606870e-12  1.957240e-08 -1.957240e-08
31998  8.932500  3.035420  0.089286  ... -1.074770e-11  1.858710e-08 -1.858710e-08
31999  8.977500  3.035420  0.089286  ... -8.266600e-12  2.027550e-08 -2.027550e-08

[32000 rows x 15 columns]
2023-09-05 21:28:51,815 Train/Test split data:
             Cx        Cy        Cz  abs_DELTA_U  ...  abs_DELTA_Ryy  DELTA_Ryy  abs_DELTA_K   DELTA_K
9177   8.072670  0.668163  0.089286     0.143632  ...       0.028179   0.028179     0.025475  0.025475
22763  7.369040  2.840770  0.089286     0.096718  ...       0.003036   0.003036     0.007496  0.007496
20819  0.869596  2.752390  0.089286     0.058750  ...       0.004220   0.004220     0.004752  0.004752
3109   4.956230  0.021241  0.089286     0.146673  ...       0.001813   0.001813     0.021010  0.021010
14063  2.778070  0.866640  0.089286     0.068961  ...       0.054621   0.054621     0.051250  0.051250
...         ...       ...       ...          ...  ...            ...        ...          ...       ...
16144  6.568330  1.561230  0.089286     0.056005  ...       0.026307   0.026307     0.016942  0.016942
8586   8.410110  0.902542  0.089286     0.174517  ...       0.029629   0.029629     0.029811  0.029811
4014   0.625893  0.779579  0.089286     0.059980  ...       0.002719   0.002719     0.005843  0.005843
24722  5.514910  2.928760  0.089286     0.073380  ...       0.001530   0.001530     0.011379  0.011379
21398  8.932030  2.826100  0.089286     0.067690  ...       0.002636   0.002636     0.004952  0.004952

[25600 rows x 15 columns]
2023-09-05 21:28:51,816 Nan check:
0
2023-09-05 21:28:51,816 Data Loading Finished. Elapsed time: 0:00:00.167982 ---
2023-09-05 21:28:51,816 Running Clustering:
2023-09-05 21:28:51,855 Labels: [0 1 2], size: 32000
2023-09-05 21:28:51,856 Centroids:
 [[ 0.00840584 -0.00465551  0.00420261]
 [ 0.01735234 -0.02912671  0.02813371]
 [ 0.04686606 -0.04656556  0.04358276]]
2023-09-05 21:28:54,589 Clustering run 1/1
2023-09-05 21:28:54,594 
Finished MiniBatchKMeans clustering run
2023-09-05 21:28:54,594 Clustering Finished. Elapsed time: 0:00:02.777377 ---
2023-09-05 21:28:54,594 
 --- TOTAL ELAPSED TIME: 0:00:02.945421 ---
