2023-09-05 23:35:57,854 Loaded data:
             Cx        Cy        Cz  abs_DELTA_U   DELTA_U   abs_DELTA_V       DELTA_V  abs_DELTA_Rxx     DELTA_Rxx  abs_DELTA_Rxy     DELTA_Rxy  abs_DELTA_Ryy     DELTA_Ryy   abs_DELTA_K       DELTA_K
0      0.024022  1.000420  0.089286     0.012297 -0.012297  5.960800e-05 -5.960800e-05   3.153850e-08 -3.153850e-08   3.153810e-08 -3.153810e-08   2.237530e-11  2.237530e-11  4.730750e-08 -4.730750e-08
1      0.072067  1.000550  0.089286     0.008310 -0.008310  4.870610e-06  4.870610e-06   3.526830e-08 -3.526830e-08   3.526840e-08 -3.526840e-08   1.759670e-11  1.759670e-11  5.290250e-08 -5.290250e-08
2      0.120104  0.999906  0.089286     0.014007 -0.014007  3.785740e-04  3.785740e-04   3.238480e-08 -3.238480e-08   3.238760e-08 -3.238760e-08   2.590720e-11  2.590720e-11  4.857940e-08 -4.857940e-08
3      0.168065  0.997370  0.089286     0.009666 -0.009666  7.598080e-04  7.598080e-04   2.471120e-08 -2.471120e-08   2.471550e-08 -2.471550e-08   1.388310e-11  1.388310e-11  3.707000e-08 -3.707000e-08
4      0.215760  0.991893  0.089286     0.000999  0.000999  6.353920e-04  6.353920e-04   7.535495e-03  7.535495e-03   1.454095e-03 -1.454095e-03   3.470680e-04  3.470680e-04  6.984468e-03  6.984468e-03
...         ...       ...       ...          ...       ...           ...           ...            ...           ...            ...           ...            ...           ...           ...           ...
31995  8.797490  3.035420  0.089286     0.013340 -0.013340  2.312020e-07  2.312020e-07   1.280290e-08 -1.280290e-08   1.280290e-08 -1.280290e-08   9.888420e-12 -9.888420e-12  1.920440e-08 -1.920440e-08
31996  8.842490  3.035420  0.089286     0.013893 -0.013893  2.986900e-07 -2.986900e-07   1.261660e-08 -1.261660e-08   1.261660e-08 -1.261660e-08   1.008810e-11 -1.008810e-11  1.892480e-08 -1.892480e-08
31997  8.887500  3.035420  0.089286     0.012714 -0.012714  9.281590e-07  9.281590e-07   1.304830e-08 -1.304830e-08   1.304830e-08 -1.304830e-08   9.606870e-12 -9.606870e-12  1.957240e-08 -1.957240e-08
31998  8.932500  3.035420  0.089286     0.015193 -0.015193  2.270490e-06 -2.270490e-06   1.239140e-08 -1.239140e-08   1.239140e-08 -1.239140e-08   1.074770e-11 -1.074770e-11  1.858710e-08 -1.858710e-08
31999  8.977500  3.035420  0.089286     0.010367 -0.010367  2.604900e-06  2.604900e-06   1.351700e-08 -1.351700e-08   1.351700e-08 -1.351700e-08   8.266600e-12 -8.266600e-12  2.027550e-08 -2.027550e-08

[32000 rows x 15 columns]
2023-09-05 23:35:57,878 Train/Test split data:
             Cx        Cy        Cz  abs_DELTA_U   DELTA_U  abs_DELTA_V   DELTA_V  abs_DELTA_Rxx  DELTA_Rxx  abs_DELTA_Rxy  DELTA_Rxy  abs_DELTA_Ryy  DELTA_Ryy  abs_DELTA_K   DELTA_K
9177   8.072670  0.668163  0.089286     0.143632  0.143632     0.095074  0.095074       0.004830   0.004830       0.022916  -0.022916       0.028179   0.028179     0.025475  0.025475
22763  7.369040  2.840770  0.089286     0.096718 -0.096718     0.003529  0.003529       0.009994   0.009994       0.003082  -0.003082       0.003036   0.003036     0.007496  0.007496
20819  0.869596  2.752390  0.089286     0.058750 -0.058750     0.000556 -0.000556       0.005567   0.005567       0.004582  -0.004582       0.004220   0.004220     0.004752  0.004752
3109   4.956230  0.021241  0.089286     0.146673  0.146673     0.000137  0.000137       0.021226   0.021226       0.004328  -0.004328       0.001813   0.001813     0.021010  0.021010
14063  2.778070  0.866640  0.089286     0.068961  0.068961     0.050162 -0.050162       0.060219   0.060219       0.057497  -0.057497       0.054621   0.054621     0.051250  0.051250
...         ...       ...       ...          ...       ...          ...       ...            ...        ...            ...        ...            ...        ...          ...       ...
16144  6.568330  1.561230  0.089286     0.056005 -0.056005     0.007817  0.007817       0.025433   0.025433       0.028540  -0.028540       0.026307   0.026307     0.016942  0.016942
8586   8.410110  0.902542  0.089286     0.174517  0.174517     0.129128  0.129128       0.003240   0.003240       0.027011  -0.027011       0.029629   0.029629     0.029811  0.029811
4014   0.625893  0.779579  0.089286     0.059980  0.059980     0.049605 -0.049605       0.003569   0.003569       0.003291  -0.003291       0.002719   0.002719     0.005843  0.005843
24722  5.514910  2.928760  0.089286     0.073380 -0.073380     0.000258 -0.000258       0.017901   0.017901       0.001483  -0.001483       0.001530   0.001530     0.011379  0.011379
21398  8.932030  2.826100  0.089286     0.067690 -0.067690     0.001695  0.001695       0.005969   0.005969       0.003848  -0.003848       0.002636   0.002636     0.004952  0.004952

[25600 rows x 15 columns]
2023-09-05 23:35:57,879 Nan check:
0
2023-09-05 23:35:57,879 Data Loading Finished. Elapsed time: 0:00:00.162394 ---
2023-09-05 23:35:57,879 Running Clustering:
